TESTS WITH ERRORS 
test01_01 (gradingtests.UnitTests)
Traceback (most recent call last):
  File "C:\Users\kille\academics\automatedgradingapp\app\testing\new-features\gradingtests.py", line 26, in test01_01
    core.buildFOPC('One of the wooden chair is yellow')
  File "C:\Users\kille\academics\automatedgradingapp\app\testing\new-features\core.py", line 57, in buildFOPC
    student_code.buildFeatureStatement(doc)
  File "C:\Users\kille\academics\automatedgradingapp\app\testing\new-features\student_code.py", line 66, in buildFeatureStatement
    core.findAndAssertFeaturesFOPC(root, listofreferences)
  File "C:\Users\kille\academics\automatedgradingapp\app\testing\new-features\core.py", line 273, in findAndAssertFeaturesFOPC
    for name in names:
TypeError: 'NoneType' object is not iterable

test02_01 (gradingtests.UnitTests)
Traceback (most recent call last):
  File "C:\Users\kille\academics\automatedgradingapp\app\testing\new-features\gradingtests.py", line 30, in test02_01
    core.buildFOPC('One of the wooden chair is red')
  File "C:\Users\kille\academics\automatedgradingapp\app\testing\new-features\core.py", line 57, in buildFOPC
    student_code.buildFeatureStatement(doc)
  File "C:\Users\kille\academics\automatedgradingapp\app\testing\new-features\student_code.py", line 66, in buildFeatureStatement
    core.findAndAssertFeaturesFOPC(root, listofreferences)
  File "C:\Users\kille\academics\automatedgradingapp\app\testing\new-features\core.py", line 273, in findAndAssertFeaturesFOPC
    for name in names:
TypeError: 'NoneType' object is not iterable

test03_01 (gradingtests.UnitTests)
Traceback (most recent call last):
  File "C:\Users\kille\academics\automatedgradingapp\app\testing\new-features\gradingtests.py", line 34, in test03_01
    core.buildFOPC('One of the metal chair is green')
  File "C:\Users\kille\academics\automatedgradingapp\app\testing\new-features\core.py", line 57, in buildFOPC
    student_code.buildFeatureStatement(doc)
  File "C:\Users\kille\academics\automatedgradingapp\app\testing\new-features\student_code.py", line 66, in buildFeatureStatement
    core.findAndAssertFeaturesFOPC(root, listofreferences)
  File "C:\Users\kille\academics\automatedgradingapp\app\testing\new-features\core.py", line 273, in findAndAssertFeaturesFOPC
    for name in names:
TypeError: 'NoneType' object is not iterable

test04_01 (gradingtests.UnitTests)
Traceback (most recent call last):
  File "C:\Users\kille\academics\automatedgradingapp\app\testing\new-features\gradingtests.py", line 38, in test04_01
    core.buildFOPC('One of the metal chair is red')
  File "C:\Users\kille\academics\automatedgradingapp\app\testing\new-features\core.py", line 57, in buildFOPC
    student_code.buildFeatureStatement(doc)
  File "C:\Users\kille\academics\automatedgradingapp\app\testing\new-features\student_code.py", line 66, in buildFeatureStatement
    core.findAndAssertFeaturesFOPC(root, listofreferences)
  File "C:\Users\kille\academics\automatedgradingapp\app\testing\new-features\core.py", line 273, in findAndAssertFeaturesFOPC
    for name in names:
TypeError: 'NoneType' object is not iterable

test07_01 (gradingtests.UnitTests)
Traceback (most recent call last):
  File "C:\Users\kille\academics\automatedgradingapp\app\testing\new-features\gradingtests.py", line 58, in test07_01
    core.buildFOPC('The red chairs are big')
  File "C:\Users\kille\academics\automatedgradingapp\app\testing\new-features\core.py", line 57, in buildFOPC
    student_code.buildFeatureStatement(doc)
  File "C:\Users\kille\academics\automatedgradingapp\app\testing\new-features\student_code.py", line 51, in buildFeatureStatement
    listofreferences = core.resolveObjectFOPC(subject)
  File "C:\Users\kille\academics\automatedgradingapp\app\testing\new-features\core.py", line 123, in resolveObjectFOPC
    new_obj = discoverObject(object)
  File "C:\Users\kille\academics\automatedgradingapp\app\testing\new-features\core.py", line 194, in discoverObject
    if len(bindings) != 1:
TypeError: object of type 'bool' has no len()

test07_02 (gradingtests.UnitTests)
Traceback (most recent call last):
  File "C:\Users\kille\academics\automatedgradingapp\app\testing\new-features\gradingtests.py", line 62, in test07_02
    core.buildFOPC('The red chairs are big')
  File "C:\Users\kille\academics\automatedgradingapp\app\testing\new-features\core.py", line 57, in buildFOPC
    student_code.buildFeatureStatement(doc)
  File "C:\Users\kille\academics\automatedgradingapp\app\testing\new-features\student_code.py", line 51, in buildFeatureStatement
    listofreferences = core.resolveObjectFOPC(subject)
  File "C:\Users\kille\academics\automatedgradingapp\app\testing\new-features\core.py", line 123, in resolveObjectFOPC
    new_obj = discoverObject(object)
  File "C:\Users\kille\academics\automatedgradingapp\app\testing\new-features\core.py", line 194, in discoverObject
    if len(bindings) != 1:
TypeError: object of type 'bool' has no len()

test08_01 (gradingtests.UnitTests)
Traceback (most recent call last):
  File "C:\Users\kille\academics\automatedgradingapp\app\testing\new-features\gradingtests.py", line 66, in test08_01
    core.buildFOPC('The red metal chairs is on the yellow chair')
  File "C:\Users\kille\academics\automatedgradingapp\app\testing\new-features\core.py", line 57, in buildFOPC
    student_code.buildFeatureStatement(doc)
  File "C:\Users\kille\academics\automatedgradingapp\app\testing\new-features\student_code.py", line 51, in buildFeatureStatement
    listofreferences = core.resolveObjectFOPC(subject)
  File "C:\Users\kille\academics\automatedgradingapp\app\testing\new-features\core.py", line 123, in resolveObjectFOPC
    new_obj = discoverObject(object)
  File "C:\Users\kille\academics\automatedgradingapp\app\testing\new-features\core.py", line 194, in discoverObject
    if len(bindings) != 1:
TypeError: object of type 'bool' has no len()

-------------------------------
TESTS FAILED  
-------------------------------
TESTS SKIPPED 
-------------------------------
